[2025-11-28T09:04:57.800Z] onAuthenticate called {"documentName":"878ce563-59ee-4a8c-8af9-c47621829d0c","tokenLength":251}
[2025-11-28T09:04:57.815Z] Token verified {"decoded":{"id":"acc18fee-6ae5-48d3-9ab1-2653a5a84f7c","email":"notes-c6ec0ade-1fa4-40cc-981a-59e55ec37ad7@example.com","iat":1764320697}}
[2025-11-28T09:04:57.820Z] onAuthenticate called {"documentName":"2cc8d491-3c1c-4fda-9c3d-826130e97a33","tokenLength":251}
[2025-11-28T09:04:57.823Z] Token verified {"decoded":{"id":"f6c70858-4ddf-4abc-8930-699c596629b2","email":"notes-132e692a-6149-465c-9e97-7b655ea402a4@example.com","iat":1764320697}}
[2025-11-28T09:04:57.833Z] Note not found {"noteId":"878ce563-59ee-4a8c-8af9-c47621829d0c"}
[2025-11-28T09:04:57.844Z] Authentication error {"message":"Note not found","stack":"Error: Note not found\n    at Object.onAuthenticate (D:\\Develop\\AI\\Notiq\\backend\\src\\hocuspocus.ts:88:15)\n    at async ClientConnection.ClientConnection.handleQueueingMessage (D:\\Develop\\AI\\Notiq\\backend\\node_modules\\@hocuspocus\\server\\src\\ClientConnection.ts:343:5)"}
[2025-11-28T09:04:57.848Z] Note not found {"noteId":"2cc8d491-3c1c-4fda-9c3d-826130e97a33"}
[2025-11-28T09:04:57.851Z] Authentication error {"message":"Note not found","stack":"Error: Note not found\n    at Object.onAuthenticate (D:\\Develop\\AI\\Notiq\\backend\\src\\hocuspocus.ts:88:15)\n    at async ClientConnection.ClientConnection.handleQueueingMessage (D:\\Develop\\AI\\Notiq\\backend\\node_modules\\@hocuspocus\\server\\src\\ClientConnection.ts:343:5)"}
[2025-11-28T09:05:01.405Z] onAuthenticate called {"documentName":"2cc8d491-3c1c-4fda-9c3d-826130e97a33","tokenLength":251}
[2025-11-28T09:05:01.408Z] Token verified {"decoded":{"id":"f6c70858-4ddf-4abc-8930-699c596629b2","email":"notes-132e692a-6149-465c-9e97-7b655ea402a4@example.com","iat":1764320697}}
[2025-11-28T09:05:01.413Z] Note not found {"noteId":"2cc8d491-3c1c-4fda-9c3d-826130e97a33"}
[2025-11-28T09:05:01.417Z] Authentication error {"message":"Note not found","stack":"Error: Note not found\n    at Object.onAuthenticate (D:\\Develop\\AI\\Notiq\\backend\\src\\hocuspocus.ts:88:15)\n    at async ClientConnection.ClientConnection.handleQueueingMessage (D:\\Develop\\AI\\Notiq\\backend\\node_modules\\@hocuspocus\\server\\src\\ClientConnection.ts:343:5)"}
[2025-11-28T09:07:29.143Z] onAuthenticate called {"documentName":"9f538ac4-7181-4dc4-9e8d-89e5821c6993","tokenLength":251}
[2025-11-28T09:07:29.148Z] Token verified {"decoded":{"id":"47970382-b69f-4004-a8d1-c59d3122fd9e","email":"notes-7f57f1bd-db69-487f-b803-539bdb6e84da@example.com","iat":1764320848}}
[2025-11-28T09:07:29.167Z] Note not found {"noteId":"9f538ac4-7181-4dc4-9e8d-89e5821c6993"}
[2025-11-28T09:07:29.173Z] All notes in DB ["0b76f87f-6028-4659-8407-51d57fe9cdcc","8a4f19cf-61fb-4975-a56e-01bfe17efa94","1bb34b84-ca66-4b50-9103-d3500753ef3d","69856527-e0b1-4252-9593-642bba68b7c0","3114c327-3a76-40b4-8fe8-e1a9521879d4","1904bd2c-67fe-4a81-8f74-9867d232ad85","d29289aa-ef4e-417b-928f-a67c0a600f9b","32a4728f-345b-472b-90bf-858829d0b02b","04308774-75ec-438f-a6ba-0de62beb0ae8","e9b7a131-55ba-45ca-bf5a-3162852c0d41","c95adf8a-e034-46e8-907e-7e547ac0ca4f","773f60b9-a588-4bf1-a299-75be97c588ad","7502dd76-3f99-4d74-97a1-6e4660622029","ca3aeee7-b4b3-4b71-917d-a357b11dce4a","878ce563-59ee-4a8c-8af9-c47621829d0c","0e23fb8a-1067-42f1-80ef-1afe2923cb99","02dfd901-4eac-4ccf-bf6a-32aa47604ecc","8df95e1b-7009-4d65-ad39-081a73ea35e2","a119f623-f9aa-4cf6-bbc6-c1e8c2275932","e5d26f16-5e8d-462d-8d2a-7db28fd916b9","0db49575-7102-4e77-a03d-991699d969d6","4bc56739-e616-4b9c-90e8-1f1b782f4154","6922f8c5-84a2-4e52-89dd-f31b69c6210f","57b49d55-de60-4455-b0d8-c92d2eacdfc4"]
[2025-11-28T09:07:29.182Z] Authentication error {"message":"Note not found","stack":"Error: Note not found\n    at Object.onAuthenticate (D:\\Develop\\AI\\Notiq\\backend\\src\\hocuspocus.ts:90:15)\n    at async ClientConnection.ClientConnection.handleQueueingMessage (D:\\Develop\\AI\\Notiq\\backend\\node_modules\\@hocuspocus\\server\\src\\ClientConnection.ts:343:5)"}
[2025-11-28T09:07:29.343Z] onAuthenticate called {"documentName":"2577d954-62bb-4b9d-bc40-d5a07dc04275","tokenLength":251}
[2025-11-28T09:07:29.348Z] Token verified {"decoded":{"id":"46a1f916-8d97-4b99-85ad-6be0751c2e8b","email":"notes-6014b30d-0b47-4b0f-ba1d-f66a6c9711f5@example.com","iat":1764320848}}
[2025-11-28T09:07:29.353Z] Note not found {"noteId":"2577d954-62bb-4b9d-bc40-d5a07dc04275"}
[2025-11-28T09:07:29.359Z] All notes in DB ["0b76f87f-6028-4659-8407-51d57fe9cdcc","8a4f19cf-61fb-4975-a56e-01bfe17efa94","1bb34b84-ca66-4b50-9103-d3500753ef3d","69856527-e0b1-4252-9593-642bba68b7c0","3114c327-3a76-40b4-8fe8-e1a9521879d4","1904bd2c-67fe-4a81-8f74-9867d232ad85","d29289aa-ef4e-417b-928f-a67c0a600f9b","32a4728f-345b-472b-90bf-858829d0b02b","04308774-75ec-438f-a6ba-0de62beb0ae8","e9b7a131-55ba-45ca-bf5a-3162852c0d41","c95adf8a-e034-46e8-907e-7e547ac0ca4f","773f60b9-a588-4bf1-a299-75be97c588ad","7502dd76-3f99-4d74-97a1-6e4660622029","ca3aeee7-b4b3-4b71-917d-a357b11dce4a","878ce563-59ee-4a8c-8af9-c47621829d0c","0e23fb8a-1067-42f1-80ef-1afe2923cb99","02dfd901-4eac-4ccf-bf6a-32aa47604ecc","8df95e1b-7009-4d65-ad39-081a73ea35e2","a119f623-f9aa-4cf6-bbc6-c1e8c2275932","e5d26f16-5e8d-462d-8d2a-7db28fd916b9","0db49575-7102-4e77-a03d-991699d969d6","4bc56739-e616-4b9c-90e8-1f1b782f4154","6922f8c5-84a2-4e52-89dd-f31b69c6210f","57b49d55-de60-4455-b0d8-c92d2eacdfc4"]
[2025-11-28T09:07:29.363Z] Authentication error {"message":"Note not found","stack":"Error: Note not found\n    at Object.onAuthenticate (D:\\Develop\\AI\\Notiq\\backend\\src\\hocuspocus.ts:90:15)\n    at async ClientConnection.ClientConnection.handleQueueingMessage (D:\\Develop\\AI\\Notiq\\backend\\node_modules\\@hocuspocus\\server\\src\\ClientConnection.ts:343:5)"}
[2025-11-28T09:07:32.580Z] onAuthenticate called {"documentName":"9f538ac4-7181-4dc4-9e8d-89e5821c6993","tokenLength":251}
[2025-11-28T09:07:32.583Z] Token verified {"decoded":{"id":"47970382-b69f-4004-a8d1-c59d3122fd9e","email":"notes-7f57f1bd-db69-487f-b803-539bdb6e84da@example.com","iat":1764320848}}
[2025-11-28T09:07:32.588Z] Note not found {"noteId":"9f538ac4-7181-4dc4-9e8d-89e5821c6993"}
[2025-11-28T09:07:32.594Z] All notes in DB ["0b76f87f-6028-4659-8407-51d57fe9cdcc","8a4f19cf-61fb-4975-a56e-01bfe17efa94","1bb34b84-ca66-4b50-9103-d3500753ef3d","69856527-e0b1-4252-9593-642bba68b7c0","3114c327-3a76-40b4-8fe8-e1a9521879d4","1904bd2c-67fe-4a81-8f74-9867d232ad85","d29289aa-ef4e-417b-928f-a67c0a600f9b","32a4728f-345b-472b-90bf-858829d0b02b","04308774-75ec-438f-a6ba-0de62beb0ae8","e9b7a131-55ba-45ca-bf5a-3162852c0d41","c95adf8a-e034-46e8-907e-7e547ac0ca4f","773f60b9-a588-4bf1-a299-75be97c588ad","7502dd76-3f99-4d74-97a1-6e4660622029","ca3aeee7-b4b3-4b71-917d-a357b11dce4a","878ce563-59ee-4a8c-8af9-c47621829d0c","0e23fb8a-1067-42f1-80ef-1afe2923cb99","02dfd901-4eac-4ccf-bf6a-32aa47604ecc","8df95e1b-7009-4d65-ad39-081a73ea35e2","a119f623-f9aa-4cf6-bbc6-c1e8c2275932","e5d26f16-5e8d-462d-8d2a-7db28fd916b9","0db49575-7102-4e77-a03d-991699d969d6","4bc56739-e616-4b9c-90e8-1f1b782f4154","6922f8c5-84a2-4e52-89dd-f31b69c6210f","57b49d55-de60-4455-b0d8-c92d2eacdfc4"]
[2025-11-28T09:07:32.597Z] Authentication error {"message":"Note not found","stack":"Error: Note not found\n    at Object.onAuthenticate (D:\\Develop\\AI\\Notiq\\backend\\src\\hocuspocus.ts:90:15)\n    at async ClientConnection.ClientConnection.handleQueueingMessage (D:\\Develop\\AI\\Notiq\\backend\\node_modules\\@hocuspocus\\server\\src\\ClientConnection.ts:343:5)"}
[2025-11-28T09:08:52.137Z] Prisma Plugin initialized {"DATABASE_URL":"postgresql://user:password@localhost:5432/evernote_clone?schema=public"}
[2025-11-28T09:08:52.544Z] Hocuspocus initialized {"DATABASE_URL":"postgresql://user:password@localhost:5432/evernote_clone?schema=public"}
[2025-11-28T09:09:35.945Z] onAuthenticate called {"documentName":"dab24e49-9eba-44c6-b515-66362eb69d0b","tokenLength":251}
[2025-11-28T09:09:35.950Z] Token verified {"decoded":{"id":"0111b58b-bcf8-4221-b0e0-e10baa6c2b37","email":"notes-e70be072-94eb-42e5-b839-b93a173c1736@example.com","iat":1764320975}}
[2025-11-28T09:09:35.968Z] Note not found {"noteId":"dab24e49-9eba-44c6-b515-66362eb69d0b"}
[2025-11-28T09:09:35.974Z] All notes in DB ["0b76f87f-6028-4659-8407-51d57fe9cdcc","8a4f19cf-61fb-4975-a56e-01bfe17efa94","1bb34b84-ca66-4b50-9103-d3500753ef3d","69856527-e0b1-4252-9593-642bba68b7c0","3114c327-3a76-40b4-8fe8-e1a9521879d4","1904bd2c-67fe-4a81-8f74-9867d232ad85","d29289aa-ef4e-417b-928f-a67c0a600f9b","32a4728f-345b-472b-90bf-858829d0b02b","04308774-75ec-438f-a6ba-0de62beb0ae8","e9b7a131-55ba-45ca-bf5a-3162852c0d41","c95adf8a-e034-46e8-907e-7e547ac0ca4f","773f60b9-a588-4bf1-a299-75be97c588ad","7502dd76-3f99-4d74-97a1-6e4660622029","ca3aeee7-b4b3-4b71-917d-a357b11dce4a","878ce563-59ee-4a8c-8af9-c47621829d0c","0e23fb8a-1067-42f1-80ef-1afe2923cb99","2577d954-62bb-4b9d-bc40-d5a07dc04275","02dfd901-4eac-4ccf-bf6a-32aa47604ecc","8df95e1b-7009-4d65-ad39-081a73ea35e2","a119f623-f9aa-4cf6-bbc6-c1e8c2275932","e5d26f16-5e8d-462d-8d2a-7db28fd916b9","0db49575-7102-4e77-a03d-991699d969d6","4bc56739-e616-4b9c-90e8-1f1b782f4154","6922f8c5-84a2-4e52-89dd-f31b69c6210f","57b49d55-de60-4455-b0d8-c92d2eacdfc4"]
[2025-11-28T09:09:35.983Z] Authentication error {"message":"Note not found","stack":"Error: Note not found\n    at Object.onAuthenticate (D:\\Develop\\AI\\Notiq\\backend\\src\\hocuspocus.ts:92:15)\n    at async ClientConnection.ClientConnection.handleQueueingMessage (D:\\Develop\\AI\\Notiq\\backend\\node_modules\\@hocuspocus\\server\\src\\ClientConnection.ts:343:5)"}
[2025-11-28T09:09:36.140Z] onAuthenticate called {"documentName":"6f42c55a-d2e3-4963-a715-721388e6d4d5","tokenLength":251}
[2025-11-28T09:09:36.143Z] Token verified {"decoded":{"id":"24a3dc7a-14d3-437e-9dab-9815b4961f16","email":"notes-1960fe0f-2dfb-4bbe-810e-95979f917811@example.com","iat":1764320975}}
[2025-11-28T09:09:36.148Z] Note not found {"noteId":"6f42c55a-d2e3-4963-a715-721388e6d4d5"}
[2025-11-28T09:09:36.154Z] All notes in DB ["0b76f87f-6028-4659-8407-51d57fe9cdcc","8a4f19cf-61fb-4975-a56e-01bfe17efa94","1bb34b84-ca66-4b50-9103-d3500753ef3d","69856527-e0b1-4252-9593-642bba68b7c0","3114c327-3a76-40b4-8fe8-e1a9521879d4","1904bd2c-67fe-4a81-8f74-9867d232ad85","d29289aa-ef4e-417b-928f-a67c0a600f9b","32a4728f-345b-472b-90bf-858829d0b02b","04308774-75ec-438f-a6ba-0de62beb0ae8","e9b7a131-55ba-45ca-bf5a-3162852c0d41","c95adf8a-e034-46e8-907e-7e547ac0ca4f","773f60b9-a588-4bf1-a299-75be97c588ad","7502dd76-3f99-4d74-97a1-6e4660622029","ca3aeee7-b4b3-4b71-917d-a357b11dce4a","878ce563-59ee-4a8c-8af9-c47621829d0c","0e23fb8a-1067-42f1-80ef-1afe2923cb99","2577d954-62bb-4b9d-bc40-d5a07dc04275","02dfd901-4eac-4ccf-bf6a-32aa47604ecc","8df95e1b-7009-4d65-ad39-081a73ea35e2","a119f623-f9aa-4cf6-bbc6-c1e8c2275932","e5d26f16-5e8d-462d-8d2a-7db28fd916b9","0db49575-7102-4e77-a03d-991699d969d6","4bc56739-e616-4b9c-90e8-1f1b782f4154","6922f8c5-84a2-4e52-89dd-f31b69c6210f","57b49d55-de60-4455-b0d8-c92d2eacdfc4"]
[2025-11-28T09:09:36.157Z] Authentication error {"message":"Note not found","stack":"Error: Note not found\n    at Object.onAuthenticate (D:\\Develop\\AI\\Notiq\\backend\\src\\hocuspocus.ts:92:15)\n    at async ClientConnection.ClientConnection.handleQueueingMessage (D:\\Develop\\AI\\Notiq\\backend\\node_modules\\@hocuspocus\\server\\src\\ClientConnection.ts:343:5)"}
[2025-11-28T09:09:39.377Z] onAuthenticate called {"documentName":"dab24e49-9eba-44c6-b515-66362eb69d0b","tokenLength":251}
[2025-11-28T09:09:39.381Z] Token verified {"decoded":{"id":"0111b58b-bcf8-4221-b0e0-e10baa6c2b37","email":"notes-e70be072-94eb-42e5-b839-b93a173c1736@example.com","iat":1764320975}}
[2025-11-28T09:09:39.388Z] Note not found {"noteId":"dab24e49-9eba-44c6-b515-66362eb69d0b"}
[2025-11-28T09:09:39.394Z] All notes in DB ["0b76f87f-6028-4659-8407-51d57fe9cdcc","8a4f19cf-61fb-4975-a56e-01bfe17efa94","1bb34b84-ca66-4b50-9103-d3500753ef3d","69856527-e0b1-4252-9593-642bba68b7c0","3114c327-3a76-40b4-8fe8-e1a9521879d4","1904bd2c-67fe-4a81-8f74-9867d232ad85","d29289aa-ef4e-417b-928f-a67c0a600f9b","32a4728f-345b-472b-90bf-858829d0b02b","04308774-75ec-438f-a6ba-0de62beb0ae8","e9b7a131-55ba-45ca-bf5a-3162852c0d41","c95adf8a-e034-46e8-907e-7e547ac0ca4f","773f60b9-a588-4bf1-a299-75be97c588ad","7502dd76-3f99-4d74-97a1-6e4660622029","ca3aeee7-b4b3-4b71-917d-a357b11dce4a","878ce563-59ee-4a8c-8af9-c47621829d0c","0e23fb8a-1067-42f1-80ef-1afe2923cb99","2577d954-62bb-4b9d-bc40-d5a07dc04275","02dfd901-4eac-4ccf-bf6a-32aa47604ecc","8df95e1b-7009-4d65-ad39-081a73ea35e2","a119f623-f9aa-4cf6-bbc6-c1e8c2275932","e5d26f16-5e8d-462d-8d2a-7db28fd916b9","0db49575-7102-4e77-a03d-991699d969d6","4bc56739-e616-4b9c-90e8-1f1b782f4154","6922f8c5-84a2-4e52-89dd-f31b69c6210f","57b49d55-de60-4455-b0d8-c92d2eacdfc4"]
[2025-11-28T09:09:39.397Z] Authentication error {"message":"Note not found","stack":"Error: Note not found\n    at Object.onAuthenticate (D:\\Develop\\AI\\Notiq\\backend\\src\\hocuspocus.ts:92:15)\n    at async ClientConnection.ClientConnection.handleQueueingMessage (D:\\Develop\\AI\\Notiq\\backend\\node_modules\\@hocuspocus\\server\\src\\ClientConnection.ts:343:5)"}
[2025-11-28T09:11:01.671Z] Prisma Plugin initialized {"DATABASE_URL":"postgresql://user:password@localhost:5432/evernote_clone?schema=public"}
[2025-11-28T09:11:02.170Z] Hocuspocus initialized {"DATABASE_URL":"postgresql://user:password@localhost:5432/evernote_clone?schema=public"}
[2025-11-28T09:11:10.742Z] onAuthenticate called {"documentName":"156854c9-1ad0-4a9a-ae5c-f1c3efb0c2a5","tokenLength":251}
[2025-11-28T09:11:10.748Z] Token verified {"decoded":{"id":"1de2a98a-13c8-46d3-8ee2-f5fceb2017f1","email":"notes-03cf1644-573e-4f17-ba85-70f5a7ca6c67@example.com","iat":1764321070}}
[2025-11-28T09:11:10.768Z] Note not found {"noteId":"156854c9-1ad0-4a9a-ae5c-f1c3efb0c2a5"}
[2025-11-28T09:11:10.775Z] All notes in DB ["0b76f87f-6028-4659-8407-51d57fe9cdcc","8a4f19cf-61fb-4975-a56e-01bfe17efa94","1bb34b84-ca66-4b50-9103-d3500753ef3d","69856527-e0b1-4252-9593-642bba68b7c0","3114c327-3a76-40b4-8fe8-e1a9521879d4","1904bd2c-67fe-4a81-8f74-9867d232ad85","d29289aa-ef4e-417b-928f-a67c0a600f9b","32a4728f-345b-472b-90bf-858829d0b02b","04308774-75ec-438f-a6ba-0de62beb0ae8","e9b7a131-55ba-45ca-bf5a-3162852c0d41","c95adf8a-e034-46e8-907e-7e547ac0ca4f","773f60b9-a588-4bf1-a299-75be97c588ad","7502dd76-3f99-4d74-97a1-6e4660622029","ca3aeee7-b4b3-4b71-917d-a357b11dce4a","878ce563-59ee-4a8c-8af9-c47621829d0c","0e23fb8a-1067-42f1-80ef-1afe2923cb99","2577d954-62bb-4b9d-bc40-d5a07dc04275","6f42c55a-d2e3-4963-a715-721388e6d4d5","02dfd901-4eac-4ccf-bf6a-32aa47604ecc","8df95e1b-7009-4d65-ad39-081a73ea35e2","a119f623-f9aa-4cf6-bbc6-c1e8c2275932","e5d26f16-5e8d-462d-8d2a-7db28fd916b9","0db49575-7102-4e77-a03d-991699d969d6","4bc56739-e616-4b9c-90e8-1f1b782f4154","6922f8c5-84a2-4e52-89dd-f31b69c6210f","57b49d55-de60-4455-b0d8-c92d2eacdfc4"]
[2025-11-28T09:11:10.787Z] Authentication error {"message":"Note not found","stack":"Error: Note not found\n    at Object.onAuthenticate (D:\\Develop\\AI\\Notiq\\backend\\src\\hocuspocus.ts:92:15)\n    at async ClientConnection.ClientConnection.handleQueueingMessage (D:\\Develop\\AI\\Notiq\\backend\\node_modules\\@hocuspocus\\server\\src\\ClientConnection.ts:343:5)"}
[2025-11-28T09:11:10.971Z] onAuthenticate called {"documentName":"a3284dd4-c30b-46d5-89e2-f2d5f4803d0f","tokenLength":251}
[2025-11-28T09:11:10.975Z] Token verified {"decoded":{"id":"c616a8ed-c223-4c12-b9f0-3a8234f3f3a5","email":"notes-451b24ea-a01a-444f-81c7-587f11e06d6e@example.com","iat":1764321070}}
[2025-11-28T09:11:10.981Z] Note not found {"noteId":"a3284dd4-c30b-46d5-89e2-f2d5f4803d0f"}
[2025-11-28T09:11:10.986Z] All notes in DB ["0b76f87f-6028-4659-8407-51d57fe9cdcc","8a4f19cf-61fb-4975-a56e-01bfe17efa94","1bb34b84-ca66-4b50-9103-d3500753ef3d","69856527-e0b1-4252-9593-642bba68b7c0","3114c327-3a76-40b4-8fe8-e1a9521879d4","1904bd2c-67fe-4a81-8f74-9867d232ad85","d29289aa-ef4e-417b-928f-a67c0a600f9b","32a4728f-345b-472b-90bf-858829d0b02b","04308774-75ec-438f-a6ba-0de62beb0ae8","e9b7a131-55ba-45ca-bf5a-3162852c0d41","c95adf8a-e034-46e8-907e-7e547ac0ca4f","773f60b9-a588-4bf1-a299-75be97c588ad","7502dd76-3f99-4d74-97a1-6e4660622029","ca3aeee7-b4b3-4b71-917d-a357b11dce4a","878ce563-59ee-4a8c-8af9-c47621829d0c","0e23fb8a-1067-42f1-80ef-1afe2923cb99","2577d954-62bb-4b9d-bc40-d5a07dc04275","6f42c55a-d2e3-4963-a715-721388e6d4d5","02dfd901-4eac-4ccf-bf6a-32aa47604ecc","8df95e1b-7009-4d65-ad39-081a73ea35e2","a119f623-f9aa-4cf6-bbc6-c1e8c2275932","e5d26f16-5e8d-462d-8d2a-7db28fd916b9","0db49575-7102-4e77-a03d-991699d969d6","4bc56739-e616-4b9c-90e8-1f1b782f4154","6922f8c5-84a2-4e52-89dd-f31b69c6210f","57b49d55-de60-4455-b0d8-c92d2eacdfc4"]
[2025-11-28T09:11:10.991Z] Authentication error {"message":"Note not found","stack":"Error: Note not found\n    at Object.onAuthenticate (D:\\Develop\\AI\\Notiq\\backend\\src\\hocuspocus.ts:92:15)\n    at async ClientConnection.ClientConnection.handleQueueingMessage (D:\\Develop\\AI\\Notiq\\backend\\node_modules\\@hocuspocus\\server\\src\\ClientConnection.ts:343:5)"}
[2025-11-28T09:11:14.056Z] [API] Hit POST /notes
[2025-11-28T09:11:14.060Z] [API] Parsed body: {"id":"156854c9-1ad0-4a9a-ae5c-f1c3efb0c2a5","title":"","notebookId":"9eca7ac6-2d6e-4b21-b999-2e6d0b28cb43","content":""}
[2025-11-28T09:11:14.070Z] [API] Note created: 156854c9-1ad0-4a9a-ae5c-f1c3efb0c2a5
[2025-11-28T09:11:14.421Z] onAuthenticate called {"documentName":"a3284dd4-c30b-46d5-89e2-f2d5f4803d0f","tokenLength":251}
[2025-11-28T09:11:14.424Z] Token verified {"decoded":{"id":"c616a8ed-c223-4c12-b9f0-3a8234f3f3a5","email":"notes-451b24ea-a01a-444f-81c7-587f11e06d6e@example.com","iat":1764321070}}
[2025-11-28T09:11:14.430Z] Note not found {"noteId":"a3284dd4-c30b-46d5-89e2-f2d5f4803d0f"}
[2025-11-28T09:11:14.434Z] All notes in DB ["0b76f87f-6028-4659-8407-51d57fe9cdcc","8a4f19cf-61fb-4975-a56e-01bfe17efa94","1bb34b84-ca66-4b50-9103-d3500753ef3d","69856527-e0b1-4252-9593-642bba68b7c0","3114c327-3a76-40b4-8fe8-e1a9521879d4","1904bd2c-67fe-4a81-8f74-9867d232ad85","d29289aa-ef4e-417b-928f-a67c0a600f9b","32a4728f-345b-472b-90bf-858829d0b02b","04308774-75ec-438f-a6ba-0de62beb0ae8","e9b7a131-55ba-45ca-bf5a-3162852c0d41","c95adf8a-e034-46e8-907e-7e547ac0ca4f","773f60b9-a588-4bf1-a299-75be97c588ad","7502dd76-3f99-4d74-97a1-6e4660622029","ca3aeee7-b4b3-4b71-917d-a357b11dce4a","878ce563-59ee-4a8c-8af9-c47621829d0c","0e23fb8a-1067-42f1-80ef-1afe2923cb99","2577d954-62bb-4b9d-bc40-d5a07dc04275","6f42c55a-d2e3-4963-a715-721388e6d4d5","02dfd901-4eac-4ccf-bf6a-32aa47604ecc","156854c9-1ad0-4a9a-ae5c-f1c3efb0c2a5","8df95e1b-7009-4d65-ad39-081a73ea35e2","a119f623-f9aa-4cf6-bbc6-c1e8c2275932","e5d26f16-5e8d-462d-8d2a-7db28fd916b9","0db49575-7102-4e77-a03d-991699d969d6","4bc56739-e616-4b9c-90e8-1f1b782f4154","6922f8c5-84a2-4e52-89dd-f31b69c6210f","57b49d55-de60-4455-b0d8-c92d2eacdfc4"]
[2025-11-28T09:11:14.438Z] Authentication error {"message":"Note not found","stack":"Error: Note not found\n    at Object.onAuthenticate (D:\\Develop\\AI\\Notiq\\backend\\src\\hocuspocus.ts:92:15)\n    at async ClientConnection.ClientConnection.handleQueueingMessage (D:\\Develop\\AI\\Notiq\\backend\\node_modules\\@hocuspocus\\server\\src\\ClientConnection.ts:343:5)"}
[2025-11-28T09:14:44.774Z] [API] Hit POST /notes
[2025-11-28T09:14:44.779Z] [API] Parsed body: {"id":"a7d464e5-0132-4e33-81c1-006e718b6b5e","title":"","notebookId":"18a4c5f6-babd-496f-a601-feb789f6461e","content":""}
[2025-11-28T09:14:44.792Z] [API] Note created: a7d464e5-0132-4e33-81c1-006e718b6b5e
[2025-11-28T09:14:44.852Z] [API] Hit POST /notes
[2025-11-28T09:14:44.856Z] [API] Parsed body: {"id":"c56b2ef2-24f2-4c9d-9c3c-acff611374cc","title":"","notebookId":"93aa9913-cf18-4420-80c8-cbf0e2c45224","content":""}
[2025-11-28T09:14:44.864Z] [API] Note created: c56b2ef2-24f2-4c9d-9c3c-acff611374cc
[2025-11-28T09:14:45.080Z] onAuthenticate called {"documentName":"a7d464e5-0132-4e33-81c1-006e718b6b5e","tokenLength":251}
[2025-11-28T09:14:45.084Z] Token verified {"decoded":{"id":"bce2dd34-e465-4197-bcc7-38cc6489e750","email":"notes-5e02853f-e687-4e05-b9c2-272720c8cbf5@example.com","iat":1764321284}}
[2025-11-28T09:14:45.106Z] Permission check {"userId":"bce2dd34-e465-4197-bcc7-38cc6489e750","noteOwner":"bce2dd34-e465-4197-bcc7-38cc6489e750","isOwner":true,"isShared":false}
[2025-11-28T09:14:45.112Z] Database fetch {"documentName":"a7d464e5-0132-4e33-81c1-006e718b6b5e"}
[2025-11-28T09:14:45.142Z] onAuthenticate called {"documentName":"c56b2ef2-24f2-4c9d-9c3c-acff611374cc","tokenLength":251}
[2025-11-28T09:14:45.146Z] Token verified {"decoded":{"id":"1a03055d-87ba-4d95-bdd5-290ac1542218","email":"notes-1022f901-59a0-4f90-aa4c-9bd7465924bc@example.com","iat":1764321284}}
[2025-11-28T09:14:45.153Z] Permission check {"userId":"1a03055d-87ba-4d95-bdd5-290ac1542218","noteOwner":"1a03055d-87ba-4d95-bdd5-290ac1542218","isOwner":true,"isShared":false}
[2025-11-28T09:14:45.157Z] Database fetch {"documentName":"c56b2ef2-24f2-4c9d-9c3c-acff611374cc"}
[2025-11-28T09:14:47.172Z] Database store {"documentName":"a7d464e5-0132-4e33-81c1-006e718b6b5e"}
[2025-11-28T09:14:48.534Z] onAuthenticate called {"documentName":"a7d464e5-0132-4e33-81c1-006e718b6b5e","tokenLength":251}
[2025-11-28T09:14:48.539Z] Token verified {"decoded":{"id":"bce2dd34-e465-4197-bcc7-38cc6489e750","email":"notes-5e02853f-e687-4e05-b9c2-272720c8cbf5@example.com","iat":1764321284}}
[2025-11-28T09:14:48.546Z] Permission check {"userId":"bce2dd34-e465-4197-bcc7-38cc6489e750","noteOwner":"bce2dd34-e465-4197-bcc7-38cc6489e750","isOwner":true,"isShared":false}
[2025-11-28T09:14:48.550Z] Database fetch {"documentName":"a7d464e5-0132-4e33-81c1-006e718b6b5e"}
[2025-11-28T09:15:41.675Z] Prisma Plugin initialized {"DATABASE_URL":"postgresql://user:password@localhost:5432/evernote_clone?schema=public"}
